<?xml version="1.0" encoding="UTF-8"?>
<!-- Generated by org.testng.reporters.JUnitReportReporter -->
<testsuite skipped="0" hostname="DESKTOP-RT0QGMQ" name="com.salesforce.testcases.TC001_VerifyLogin" tests="1" failures="0" timestamp="26 Feb 2023 14:57:47 GMT" time="12.445" errors="0">
  <testcase name="runLogin" time="12.445" classname="com.salesforce.testcases.TC001_VerifyLogin"/>
</testsuite> <!-- com.salesforce.testcases.TC001_VerifyLogin -->
